2025-08-20 17:43:13 [main] INFO  c.a.AlacritiAchGeneratorApplication - Starting AlacritiAchGeneratorApplication using Java 21.0.7 with PID 29091 (/home/vatsalyas/Documents/Spring-Boot/new-ach-file-manager/target/classes started by vatsalyas in /home/vatsalyas/Documents/Spring-Boot/new-ach-file-manager)
2025-08-20 17:43:13 [main] DEBUG c.a.AlacritiAchGeneratorApplication - Running with Spring Boot v3.5.4, Spring v6.2.9
2025-08-20 17:43:13 [main] INFO  c.a.AlacritiAchGeneratorApplication - No active profile set, falling back to 1 default profile: "default"
2025-08-20 17:43:14 [main] INFO  o.s.d.r.c.RepositoryConfigurationDelegate - Bootstrapping Spring Data JPA repositories in DEFAULT mode.
2025-08-20 17:43:14 [main] INFO  o.s.d.r.c.RepositoryConfigurationDelegate - Finished Spring Data repository scanning in 99 ms. Found 7 JPA repository interfaces.
2025-08-20 17:43:15 [main] INFO  o.s.b.w.e.tomcat.TomcatWebServer - Tomcat initialized with port 8080 (http)
2025-08-20 17:43:15 [main] INFO  o.a.catalina.core.StandardService - Starting service [Tomcat]
2025-08-20 17:43:15 [main] INFO  o.a.catalina.core.StandardEngine - Starting Servlet engine: [Apache Tomcat/10.1.43]
2025-08-20 17:43:15 [main] INFO  o.a.c.c.C.[Tomcat].[localhost].[/] - Initializing Spring embedded WebApplicationContext
2025-08-20 17:43:15 [main] INFO  o.s.b.w.s.c.ServletWebServerApplicationContext - Root WebApplicationContext: initialization completed in 1686 ms
2025-08-20 17:43:15 [main] INFO  o.h.jpa.internal.util.LogHelper - HHH000204: Processing PersistenceUnitInfo [name: default]
2025-08-20 17:43:15 [main] INFO  org.hibernate.Version - HHH000412: Hibernate ORM core version 6.6.22.Final
2025-08-20 17:43:15 [main] INFO  o.h.c.i.RegionFactoryInitiator - HHH000026: Second-level cache disabled
2025-08-20 17:43:16 [main] INFO  o.s.o.j.p.SpringPersistenceUnitInfo - No LoadTimeWeaver setup: ignoring JPA class transformer
2025-08-20 17:43:16 [main] INFO  com.zaxxer.hikari.HikariDataSource - HikariPool-1 - Starting...
2025-08-20 17:43:17 [main] INFO  com.zaxxer.hikari.pool.HikariPool - HikariPool-1 - Added connection org.postgresql.jdbc.PgConnection@68a5aadd
2025-08-20 17:43:17 [main] INFO  com.zaxxer.hikari.HikariDataSource - HikariPool-1 - Start completed.
2025-08-20 17:43:17 [main] WARN  org.hibernate.orm.deprecation - HHH90000025: PostgreSQLDialect does not need to be specified explicitly using 'hibernate.dialect' (remove the property setting and it will be selected by default)
2025-08-20 17:43:17 [main] INFO  o.hibernate.orm.connections.pooling - HHH10001005: Database info:
	Database JDBC URL [Connecting through datasource 'HikariDataSource (HikariPool-1)']
	Database driver: undefined/unknown
	Database version: 17.4
	Autocommit mode: undefined/unknown
	Isolation level: undefined/unknown
	Minimum pool size: undefined/unknown
	Maximum pool size: undefined/unknown
2025-08-20 17:43:18 [main] INFO  o.h.e.t.j.p.i.JtaPlatformInitiator - HHH000489: No JTA platform available (set 'hibernate.transaction.jta.platform' to enable JTA platform integration)
2025-08-20 17:43:19 [main] INFO  o.s.o.j.LocalContainerEntityManagerFactoryBean - Initialized JPA EntityManagerFactory for persistence unit 'default'
2025-08-20 17:43:19 [main] WARN  o.s.b.a.o.j.JpaBaseConfiguration$JpaWebConfiguration - spring.jpa.open-in-view is enabled by default. Therefore, database queries may be performed during view rendering. Explicitly configure spring.jpa.open-in-view to disable this warning
2025-08-20 17:43:20 [main] INFO  o.s.b.w.e.tomcat.TomcatWebServer - Tomcat started on port 8080 (http) with context path '/'
2025-08-20 17:43:20 [main] INFO  c.a.AlacritiAchGeneratorApplication - Started AlacritiAchGeneratorApplication in 7.108 seconds (process running for 7.939)
2025-08-20 17:43:28 [http-nio-8080-exec-1] INFO  o.a.c.c.C.[Tomcat].[localhost].[/] - Initializing Spring DispatcherServlet 'dispatcherServlet'
2025-08-20 17:43:28 [http-nio-8080-exec-1] INFO  o.s.web.servlet.DispatcherServlet - Initializing Servlet 'dispatcherServlet'
2025-08-20 17:43:28 [http-nio-8080-exec-1] INFO  o.s.web.servlet.DispatcherServlet - Completed initialization in 2 ms
2025-08-20 17:43:30 [http-nio-8080-exec-1] INFO  c.a.service.SftpDownloadService - ✅ Connected to SFTP eu-central-1.sftpcloud.io
2025-08-20 17:43:30 [http-nio-8080-exec-1] INFO  c.a.service.SftpDownloadService - Listing files in remote dir=/test
2025-08-20 17:43:31 [http-nio-8080-exec-1] INFO  c.a.service.SftpDownloadService - ⬇️ Downloading: /test/BankofAmerica_987654320_20250819.ach.pgp
2025-08-20 17:43:32 [http-nio-8080-exec-1] INFO  c.a.service.SftpDownloadService - 🔓 Decrypting: BankofAmerica_987654320_20250819.ach.pgp
2025-08-20 17:43:33 [http-nio-8080-exec-1] INFO  c.a.service.SftpDownloadService - ✅ Successfully processed file: BankofAmerica_987654320_20250819.ach.pgp
2025-08-20 17:43:33 [http-nio-8080-exec-1] INFO  c.a.service.SftpDownloadService - ⬇️ Downloading: /test/BankofAmerica_987654320_20250820.ach.pgp
2025-08-20 17:43:34 [http-nio-8080-exec-1] INFO  c.a.service.SftpDownloadService - 🔓 Decrypting: BankofAmerica_987654320_20250820.ach.pgp
2025-08-20 17:43:34 [http-nio-8080-exec-1] INFO  c.a.service.SftpDownloadService - SFTP channel disconnected
2025-08-20 17:43:34 [http-nio-8080-exec-1] INFO  c.a.service.SftpDownloadService - SFTP session disconnected
2025-08-20 17:49:27 [RMI TCP Connection(9)-127.0.0.1] INFO  o.s.b.a.SpringApplicationAdminMXBeanRegistrar$SpringApplicationAdmin - Application shutdown requested.
2025-08-20 17:49:27 [RMI TCP Connection(9)-127.0.0.1] INFO  o.s.b.w.e.tomcat.GracefulShutdown - Commencing graceful shutdown. Waiting for active requests to complete
2025-08-20 17:49:27 [tomcat-shutdown] INFO  o.s.b.w.e.tomcat.GracefulShutdown - Graceful shutdown complete
2025-08-20 17:49:27 [RMI TCP Connection(9)-127.0.0.1] INFO  o.s.o.j.LocalContainerEntityManagerFactoryBean - Closing JPA EntityManagerFactory for persistence unit 'default'
2025-08-20 17:49:27 [RMI TCP Connection(9)-127.0.0.1] INFO  com.zaxxer.hikari.HikariDataSource - HikariPool-1 - Shutdown initiated...
2025-08-20 17:49:27 [RMI TCP Connection(9)-127.0.0.1] INFO  com.zaxxer.hikari.HikariDataSource - HikariPool-1 - Shutdown completed.
