2025-08-20 17:39:28 [main] INFO  c.a.AlacritiAchGeneratorApplication - Starting AlacritiAchGeneratorApplication using Java 21.0.7 with PID 28827 (/home/vatsalyas/Documents/Spring-Boot/new-ach-file-manager/target/classes started by vatsalyas in /home/vatsalyas/Documents/Spring-Boot/new-ach-file-manager)
2025-08-20 17:39:28 [main] DEBUG c.a.AlacritiAchGeneratorApplication - Running with Spring Boot v3.5.4, Spring v6.2.9
2025-08-20 17:39:28 [main] INFO  c.a.AlacritiAchGeneratorApplication - No active profile set, falling back to 1 default profile: "default"
2025-08-20 17:39:29 [main] INFO  o.s.d.r.c.RepositoryConfigurationDelegate - Bootstrapping Spring Data JPA repositories in DEFAULT mode.
2025-08-20 17:39:29 [main] INFO  o.s.d.r.c.RepositoryConfigurationDelegate - Finished Spring Data repository scanning in 95 ms. Found 7 JPA repository interfaces.
2025-08-20 17:39:29 [main] INFO  o.s.b.w.e.tomcat.TomcatWebServer - Tomcat initialized with port 8080 (http)
2025-08-20 17:39:29 [main] INFO  o.a.catalina.core.StandardService - Starting service [Tomcat]
2025-08-20 17:39:29 [main] INFO  o.a.catalina.core.StandardEngine - Starting Servlet engine: [Apache Tomcat/10.1.43]
2025-08-20 17:39:29 [main] INFO  o.a.c.c.C.[Tomcat].[localhost].[/] - Initializing Spring embedded WebApplicationContext
2025-08-20 17:39:29 [main] INFO  o.s.b.w.s.c.ServletWebServerApplicationContext - Root WebApplicationContext: initialization completed in 1643 ms
2025-08-20 17:39:30 [main] INFO  o.h.jpa.internal.util.LogHelper - HHH000204: Processing PersistenceUnitInfo [name: default]
2025-08-20 17:39:30 [main] INFO  org.hibernate.Version - HHH000412: Hibernate ORM core version 6.6.22.Final
2025-08-20 17:39:30 [main] INFO  o.h.c.i.RegionFactoryInitiator - HHH000026: Second-level cache disabled
2025-08-20 17:39:30 [main] INFO  o.s.o.j.p.SpringPersistenceUnitInfo - No LoadTimeWeaver setup: ignoring JPA class transformer
2025-08-20 17:39:30 [main] INFO  com.zaxxer.hikari.HikariDataSource - HikariPool-1 - Starting...
2025-08-20 17:39:31 [main] INFO  com.zaxxer.hikari.pool.HikariPool - HikariPool-1 - Added connection org.postgresql.jdbc.PgConnection@7cdfa824
2025-08-20 17:39:31 [main] INFO  com.zaxxer.hikari.HikariDataSource - HikariPool-1 - Start completed.
2025-08-20 17:39:31 [main] WARN  org.hibernate.orm.deprecation - HHH90000025: PostgreSQLDialect does not need to be specified explicitly using 'hibernate.dialect' (remove the property setting and it will be selected by default)
2025-08-20 17:39:31 [main] INFO  o.hibernate.orm.connections.pooling - HHH10001005: Database info:
	Database JDBC URL [Connecting through datasource 'HikariDataSource (HikariPool-1)']
	Database driver: undefined/unknown
	Database version: 17.4
	Autocommit mode: undefined/unknown
	Isolation level: undefined/unknown
	Minimum pool size: undefined/unknown
	Maximum pool size: undefined/unknown
2025-08-20 17:39:33 [main] INFO  o.h.e.t.j.p.i.JtaPlatformInitiator - HHH000489: No JTA platform available (set 'hibernate.transaction.jta.platform' to enable JTA platform integration)
2025-08-20 17:39:33 [main] INFO  o.s.o.j.LocalContainerEntityManagerFactoryBean - Initialized JPA EntityManagerFactory for persistence unit 'default'
2025-08-20 17:39:33 [main] WARN  o.s.b.a.o.j.JpaBaseConfiguration$JpaWebConfiguration - spring.jpa.open-in-view is enabled by default. Therefore, database queries may be performed during view rendering. Explicitly configure spring.jpa.open-in-view to disable this warning
2025-08-20 17:39:34 [main] INFO  o.s.b.w.e.tomcat.TomcatWebServer - Tomcat started on port 8080 (http) with context path '/'
2025-08-20 17:39:34 [main] INFO  c.a.AlacritiAchGeneratorApplication - Started AlacritiAchGeneratorApplication in 6.856 seconds (process running for 7.905)
2025-08-20 17:39:35 [http-nio-8080-exec-1] INFO  o.a.c.c.C.[Tomcat].[localhost].[/] - Initializing Spring DispatcherServlet 'dispatcherServlet'
2025-08-20 17:39:35 [http-nio-8080-exec-1] INFO  o.s.web.servlet.DispatcherServlet - Initializing Servlet 'dispatcherServlet'
2025-08-20 17:39:35 [http-nio-8080-exec-1] INFO  o.s.web.servlet.DispatcherServlet - Completed initialization in 1 ms
2025-08-20 17:39:35 [http-nio-8080-exec-1] WARN  o.s.w.s.m.s.DefaultHandlerExceptionResolver - Resolved [org.springframework.web.HttpRequestMethodNotSupportedException: Request method 'GET' is not supported]
2025-08-20 17:39:42 [http-nio-8080-exec-2] INFO  c.a.service.SftpDownloadService - âœ… Connected to SFTP eu-central-1.sftpcloud.io
2025-08-20 17:39:42 [http-nio-8080-exec-2] INFO  c.a.service.SftpDownloadService - Listing files in remote dir=/test
2025-08-20 17:39:43 [http-nio-8080-exec-2] INFO  c.a.service.SftpDownloadService - â¬‡ï¸ Downloading: /test/BankofAmerica_987654320_20250819.ach.pgp
2025-08-20 17:39:44 [http-nio-8080-exec-2] INFO  c.a.service.SftpDownloadService - ðŸ”“ Decrypting: BankofAmerica_987654320_20250819.ach.pgp
2025-08-20 17:39:44 [http-nio-8080-exec-2] INFO  com.alacriti.component.PGPDecryptor - Decrypted file: BankofAmerica_987654320_20250819.ach.pgp -> /home/vatsalyas/Documents/Spring-Boot/new-ach-file-manager/target/decrypted-ach/BankofAmerica_987654320_20250819.ach
2025-08-20 17:39:44 [http-nio-8080-exec-2] INFO  c.a.service.SftpDownloadService - âœ… Successfully processed file: BankofAmerica_987654320_20250819.ach.pgp
2025-08-20 17:39:44 [http-nio-8080-exec-2] INFO  c.a.service.SftpDownloadService - â¬‡ï¸ Downloading: /test/BankofAmerica_987654320_20250820.ach.pgp
2025-08-20 17:39:45 [http-nio-8080-exec-2] INFO  c.a.service.SftpDownloadService - ðŸ”“ Decrypting: BankofAmerica_987654320_20250820.ach.pgp
2025-08-20 17:39:45 [http-nio-8080-exec-2] INFO  com.alacriti.component.PGPDecryptor - Decrypted file: BankofAmerica_987654320_20250820.ach.pgp -> /home/vatsalyas/Documents/Spring-Boot/new-ach-file-manager/target/decrypted-ach/BankofAmerica_987654320_20250820.ach
2025-08-20 17:39:45 [http-nio-8080-exec-2] INFO  c.a.service.SftpDownloadService - âœ… Successfully processed file: BankofAmerica_987654320_20250820.ach.pgp
2025-08-20 17:39:45 [http-nio-8080-exec-2] INFO  c.a.service.SftpDownloadService - â¬‡ï¸ Downloading: /test/Citibank_987654322_20250820.ach.pgp
2025-08-20 17:39:46 [http-nio-8080-exec-2] INFO  c.a.service.SftpDownloadService - ðŸ”“ Decrypting: Citibank_987654322_20250820.ach.pgp
2025-08-20 17:39:46 [http-nio-8080-exec-2] INFO  com.alacriti.component.PGPDecryptor - Decrypted file: Citibank_987654322_20250820.ach.pgp -> /home/vatsalyas/Documents/Spring-Boot/new-ach-file-manager/target/decrypted-ach/Citibank_987654322_20250820.ach
2025-08-20 17:39:46 [http-nio-8080-exec-2] INFO  c.a.service.SftpDownloadService - âœ… Successfully processed file: Citibank_987654322_20250820.ach.pgp
2025-08-20 17:39:46 [http-nio-8080-exec-2] INFO  c.a.service.SftpDownloadService - â¬‡ï¸ Downloading: /test/JPMORGANCHASE_987654321_20250820.ach.pgp
2025-08-20 17:39:47 [http-nio-8080-exec-2] INFO  c.a.service.SftpDownloadService - ðŸ”“ Decrypting: JPMORGANCHASE_987654321_20250820.ach.pgp
2025-08-20 17:39:47 [http-nio-8080-exec-2] INFO  com.alacriti.component.PGPDecryptor - Decrypted file: JPMORGANCHASE_987654321_20250820.ach.pgp -> /home/vatsalyas/Documents/Spring-Boot/new-ach-file-manager/target/decrypted-ach/JPMORGANCHASE_987654321_20250820.ach
2025-08-20 17:39:47 [http-nio-8080-exec-2] INFO  c.a.service.SftpDownloadService - âœ… Successfully processed file: JPMORGANCHASE_987654321_20250820.ach.pgp
2025-08-20 17:39:47 [http-nio-8080-exec-2] INFO  c.a.service.SftpDownloadService - â¬‡ï¸ Downloading: /test/WellsFargo_987654321_20250820.ach.pgp
2025-08-20 17:39:47 [http-nio-8080-exec-2] INFO  c.a.service.SftpDownloadService - ðŸ”“ Decrypting: WellsFargo_987654321_20250820.ach.pgp
2025-08-20 17:39:47 [http-nio-8080-exec-2] INFO  com.alacriti.component.PGPDecryptor - Decrypted file: WellsFargo_987654321_20250820.ach.pgp -> /home/vatsalyas/Documents/Spring-Boot/new-ach-file-manager/target/decrypted-ach/WellsFargo_987654321_20250820.ach
2025-08-20 17:39:47 [http-nio-8080-exec-2] INFO  c.a.service.SftpDownloadService - âœ… Successfully processed file: WellsFargo_987654321_20250820.ach.pgp
2025-08-20 17:39:47 [http-nio-8080-exec-2] INFO  c.a.service.SftpDownloadService - SFTP channel disconnected
2025-08-20 17:39:47 [http-nio-8080-exec-2] INFO  c.a.service.SftpDownloadService - SFTP session disconnected
2025-08-20 17:39:47 [http-nio-8080-exec-2] INFO  c.a.service.ACHFileProcessorService - Parsing summary for JPMORGANCHASE_987654321_20250820.ach: FileHeaders=0, BatchHeaders=0, EntryDetails=0
2025-08-20 17:39:47 [http-nio-8080-exec-2] INFO  c.a.service.ACHFileProcessorService - Starting ACH parsing for file: /home/vatsalyas/Documents/Spring-Boot/new-ach-file-manager/target/decrypted-ach/JPMORGANCHASE_987654321_20250820.ach (size: 0 bytes)
2025-08-20 17:39:47 [http-nio-8080-exec-2] INFO  c.a.service.BatchDataValidatorImpl - ðŸ” Starting ACH file validation...
2025-08-20 17:39:47 [http-nio-8080-exec-2] ERROR c.a.service.BatchDataValidatorImpl - Validation failed: ACHFile is null
2025-08-20 17:39:47 [http-nio-8080-exec-2] ERROR c.a.service.ACHFileProcessorService - Validation failed for file: JPMORGANCHASE_987654321_20250820.ach -> ACHFile is null
2025-08-20 17:41:24 [RMI TCP Connection(5)-127.0.0.1] INFO  o.s.b.a.SpringApplicationAdminMXBeanRegistrar$SpringApplicationAdmin - Application shutdown requested.
2025-08-20 17:41:24 [RMI TCP Connection(5)-127.0.0.1] INFO  o.s.b.w.e.tomcat.GracefulShutdown - Commencing graceful shutdown. Waiting for active requests to complete
2025-08-20 17:41:24 [tomcat-shutdown] INFO  o.s.b.w.e.tomcat.GracefulShutdown - Graceful shutdown complete
2025-08-20 17:41:24 [RMI TCP Connection(5)-127.0.0.1] INFO  o.s.o.j.LocalContainerEntityManagerFactoryBean - Closing JPA EntityManagerFactory for persistence unit 'default'
2025-08-20 17:41:24 [RMI TCP Connection(5)-127.0.0.1] INFO  com.zaxxer.hikari.HikariDataSource - HikariPool-1 - Shutdown initiated...
2025-08-20 17:41:25 [RMI TCP Connection(5)-127.0.0.1] INFO  com.zaxxer.hikari.HikariDataSource - HikariPool-1 - Shutdown completed.
